\BOOKMARK [1][-]{section.1}{\376\377\000S\000m\000o\000o\000t\000h\000\040\000M\000a\000n\000i\000f\000o\000l\000d}{}% 1
\BOOKMARK [2][-]{subsection.1.1}{\376\377\000L\000i\000e\000\040\000G\000r\000o\000u\000p\000s\000\040\000a\000n\000d\000\040\000H\000o\000m\000o\000g\000e\000n\000e\000o\000u\000s\000\040\000S\000p\000a\000c\000e\000s}{section.1}% 2
\BOOKMARK [2][-]{subsection.1.2}{\376\377\000B\000u\000m\000p\000\040\000F\000u\000n\000c\000t\000i\000o\000n\000\040\000a\000n\000d\000\040\000P\000a\000r\000t\000i\000t\000i\000o\000n\000\040\000o\000f\000\040\000U\000n\000i\000t\000y}{section.1}% 3
\BOOKMARK [1][-]{section.2}{\376\377\000T\000a\000n\000g\000e\000n\000t\000\040\000s\000p\000a\000c\000e\000\040\000a\000n\000d\000\040\000t\000a\000n\000g\000e\000n\000t\000\040\000v\000e\000c\000t\000o\000r\000s}{}% 4
\BOOKMARK [2][-]{subsection.2.1}{\376\377\000T\000a\000n\000g\000e\000n\000t\000\040\000S\000p\000a\000c\000e}{section.2}% 5
\BOOKMARK [2][-]{subsection.2.2}{\376\377\000T\000a\000n\000g\000e\000n\000t\000\040\000B\000u\000n\000d\000l\000e}{section.2}% 6
\BOOKMARK [2][-]{subsection.2.3}{\376\377\000V\000e\000c\000t\000o\000r\000\040\000F\000i\000e\000l\000d\000,\000\040\000C\000u\000r\000v\000e\000s\000\040\000a\000n\000d\000\040\000F\000l\000o\000w\000s}{section.2}% 7
\BOOKMARK [2][-]{subsection.2.4}{\376\377\000A\000n\000o\000t\000h\000e\000r\000\040\000D\000e\000f\000i\000n\000i\000t\000i\000o\000n\000\040\000o\000f\000\040\000V\000e\000c\000t\000o\000r\000\040\000F\000i\000e\000l\000d}{section.2}% 8
\BOOKMARK [1][-]{section.3}{\376\377\000L\000i\000e\000\040\000g\000r\000o\000u\000p\000,\000\040\000L\000i\000e\000\040\000a\000l\000g\000e\000b\000r\000a\000\040\000a\000n\000d\000\040\000L\000i\000e\000\040\000b\000r\000a\000c\000k\000e\000t}{}% 9
\BOOKMARK [2][-]{subsection.3.1}{\376\377\000L\000i\000e\000\040\000B\000r\000a\000c\000k\000e\000t}{section.3}% 10
\BOOKMARK [2][-]{subsection.3.2}{\376\377\000L\000i\000e\000\040\000A\000l\000g\000e\000b\000r\000a\000\040\000o\000f\000\040\000a\000\040\000L\000i\000e\000\040\000G\000r\000o\000u\000p}{section.3}% 11
\BOOKMARK [2][-]{subsection.3.3}{\376\377\000M\000o\000r\000p\000h\000i\000s\000m\000s\000\040\000b\000e\000t\000w\000e\000e\000n\000\040\000L\000i\000e\000\040\000g\000r\000o\000u\000p\000\040\000a\000n\000d\000\040\000L\000i\000e\000\040\000a\000l\000g\000e\000b\000r\000a\000s}{section.3}% 12
\BOOKMARK [1][-]{section.4}{\376\377\000V\000e\000c\000t\000o\000r\000\040\000F\000i\000e\000l\000d}{}% 13
\BOOKMARK [2][-]{subsection.4.1}{\376\377\000C\000a\000n\000o\000n\000i\000c\000a\000l\000\040\000f\000o\000r\000m\000\040\000o\000f\000\040\000a\000\040\000F\000i\000e\000l\000d}{section.4}% 14
\BOOKMARK [2][-]{subsection.4.2}{\376\377\000L\000i\000e\000\040\000D\000e\000r\000i\000v\000a\000t\000i\000v\000e\000\040\000o\000f\000\040\000V\000e\000c\000t\000o\000r\000\040\000F\000i\000e\000l\000d}{section.4}% 15
\BOOKMARK [2][-]{subsection.4.3}{\376\377\000C\000o\000m\000m\000u\000t\000i\000n\000g\000\040\000V\000e\000c\000t\000o\000r\000\040\000F\000i\000e\000l\000d\000s}{section.4}% 16
\BOOKMARK [2][-]{subsection.4.4}{\376\377\000T\000h\000e\000\040\000C\000o\000n\000s\000t\000a\000n\000t\000\040\000R\000a\000n\000k\000\040\000T\000h\000e\000o\000r\000e\000m}{section.4}% 17
\BOOKMARK [1][-]{section.5}{\376\377\000D\000i\000f\000f\000e\000r\000e\000n\000t\000i\000a\000l\000\040\000f\000o\000r\000m\000s}{}% 18
\BOOKMARK [2][-]{subsection.5.1}{\376\377\000I\000n\000t\000r\000o\000d\000u\000c\000t\000i\000o\000n}{section.5}% 19
\BOOKMARK [2][-]{subsection.5.2}{\376\377\000A\000l\000t\000e\000r\000n\000a\000t\000i\000n\000g\000\040\000V\000e\000c\000t\000o\000r\000\040\000L\000i\000n\000e\000a\000r\000\040\000A\000l\000g\000e\000b\000r\000a}{section.5}% 20
\BOOKMARK [2][-]{subsection.5.3}{\376\377\000O\000p\000e\000r\000a\000t\000i\000o\000n\000\040\000o\000n\000\040\000V\000e\000c\000t\000o\000r\000\040\000B\000u\000n\000d\000l\000e\000s}{section.5}% 21
\BOOKMARK [2][-]{subsection.5.4}{\376\377\000D\000i\000f\000f\000e\000r\000e\000n\000t\000i\000a\000l\000\040\000f\000o\000r\000m\000s\000\040\000u\000s\000i\000n\000g\000\040\000l\000o\000c\000a\000l\000\040\000c\000h\000a\000r\000t}{section.5}% 22
\BOOKMARK [2][-]{subsection.5.5}{\376\377\000E\000x\000t\000e\000r\000i\000o\000r\000\040\000D\000i\000f\000f\000e\000r\000e\000n\000t\000i\000a\000l}{section.5}% 23
\BOOKMARK [2][-]{subsection.5.6}{\376\377\000P\000u\000l\000l\000\040\000B\000a\000c\000k\000\040\000o\000f\000\040\000D\000i\000f\000f\000e\000r\000e\000n\000t\000i\000a\000l\000\040\000F\000o\000r\000m\000s}{section.5}% 24
\BOOKMARK [1][-]{section.6}{\376\377\000O\000r\000i\000e\000n\000t\000a\000t\000i\000o\000n\000\040\000a\000n\000d\000\040\000I\000n\000t\000e\000g\000r\000a\000t\000i\000o\000n\000\040\000o\000f\000\040\000D\000i\000f\000f\000e\000r\000e\000n\000t\000i\000a\000l\000\040\000F\000o\000r\000m}{}% 25
\BOOKMARK [2][-]{subsection.6.1}{\376\377\000O\000r\000i\000e\000n\000t\000a\000t\000i\000o\000n\000\040\000o\000n\000\040\000M\000a\000n\000i\000f\000o\000l\000d}{section.6}% 26
\BOOKMARK [2][-]{subsection.6.2}{\376\377\000I\000n\000t\000e\000g\000r\000a\000t\000i\000o\000n\000\040\000o\000n\000\040\000O\000r\000i\000e\000n\000t\000e\000d\000\040\000M\000a\000n\000i\000f\000o\000l\000d}{section.6}% 27
\BOOKMARK [2][-]{subsection.6.3}{\376\377\000S\000m\000o\000o\000t\000h\000\040\000M\000a\000n\000i\000f\000o\000l\000d\000\040\000w\000i\000t\000h\000\040\000B\000o\000u\000n\000d\000a\000r\000y}{section.6}% 28
\BOOKMARK [2][-]{subsection.6.4}{\376\377\000R\000i\000e\000m\000a\000n\000n\000i\000a\000n\000\040\000M\000e\000t\000r\000i\000c}{section.6}% 29
\BOOKMARK [2][-]{subsection.6.5}{\376\377\000O\000r\000i\000e\000n\000t\000a\000b\000i\000l\000i\000t\000y\000\040\000o\000f\000\040\000\040\000R\000P\000n\000-\0001\000\040}{section.6}% 30
\BOOKMARK [2][-]{subsection.6.6}{\376\377\000T\000e\000n\000s\000o\000r\000\040\000F\000i\000e\000l\000d\000\040\000a\000n\000d\000\040\000L\000i\000e\000\040\000D\000e\000r\000i\000v\000a\000t\000i\000v\000e}{section.6}% 31
\BOOKMARK [2][-]{subsection.6.7}{\376\377\000F\000r\000o\000b\000e\000n\000i\000u\000s\000\040\000T\000h\000e\000o\000r\000e\000m}{section.6}% 32
\BOOKMARK [1][-]{section.7}{\376\377\000d\000e\000-\000R\000h\000a\000m\000\040\000C\000o\000h\000o\000m\000o\000l\000o\000g\000y}{}% 33
\BOOKMARK [2][-]{subsection.7.1}{\376\377\000B\000a\000s\000i\000c\000\040\000D\000e\000f\000i\000n\000i\000t\000i\000o\000n}{section.7}% 34
\BOOKMARK [1][-]{section*.4}{\376\377\000I\000n\000d\000e\000x}{}% 35
