\BOOKMARK [1][-]{section.1}{\376\377\000R\000i\000n\000g}{}% 1
\BOOKMARK [2][-]{subsection.1.1}{\376\377\000M\000o\000r\000e\000\040\000o\000n\000\040\000r\000i\000n\000g\000s\000\040\000a\000n\000d\000\040\000i\000d\000e\000a\000l\000s}{section.1}% 2
\BOOKMARK [2][-]{subsection.1.2}{\376\377\000p\000r\000o\000d\000u\000c\000t\000\040\000r\000i\000n\000g\000\040\000a\000n\000d\000\040\000i\000d\000e\000m\000p\000o\000t\000e\000n\000t}{section.1}% 3
\BOOKMARK [2][-]{subsection.1.3}{\376\377\000P\000r\000i\000m\000e\000\040\000i\000d\000e\000a\000l\000s\000\040\000a\000n\000d\000\040\000m\000a\000x\000i\000m\000a\000l\000\040\000i\000d\000e\000a\000l\000s}{section.1}% 4
\BOOKMARK [2][-]{subsection.1.4}{\376\377\000Z\000o\000r\000n\000'\000s\000\040\000l\000e\000m\000m\000a}{section.1}% 5
\BOOKMARK [2][-]{subsection.1.5}{\376\377\000F\000r\000a\000c\000t\000i\000o\000n}{section.1}% 6
\BOOKMARK [2][-]{subsection.1.6}{\376\377\000L\000o\000c\000a\000l\000i\000z\000a\000t\000i\000o\000n}{section.1}% 7
\BOOKMARK [2][-]{subsection.1.7}{\376\377\000l\000o\000c\000a\000l\000i\000z\000a\000t\000i\000o\000n}{section.1}% 8
\BOOKMARK [2][-]{subsection.1.8}{\376\377\000E\000u\000c\000l\000i\000d\000e\000a\000n\000\040\000d\000o\000m\000a\000i\000n\000s\000,\000\040\000P\000I\000D\000s\000,\000\040\000U\000F\000D\000s}{section.1}% 9
\BOOKMARK [2][-]{subsection.1.9}{\376\377\000G\000a\000u\000s\000s\000'\000\040\000l\000e\000m\000m\000a}{section.1}% 10
\BOOKMARK [2][-]{subsection.1.10}{\376\377\000p\000r\000i\000m\000e\000s\000\040\000i\000n\000\040\000\040\000Z\000[\000i\000]\000=\000Z\000[\000x\000]\000/\000\050\000x\0002\000+\0001\000\051\000\040}{section.1}% 11
\BOOKMARK [2][-]{subsection.1.11}{\376\377\000A\000l\000g\000e\000b\000r\000a\000i\000c\000\040\000n\000u\000m\000b\000e\000r\000s\000/\000i\000n\000t\000e\000g\000e\000r\000s}{section.1}% 12
\BOOKMARK [1][-]{section.2}{\376\377\000M\000o\000d\000u\000l\000e\000s}{}% 13
\BOOKMARK [2][-]{subsection.2.1}{\376\377\000I\000n\000t\000r\000o\000d\000u\000c\000t\000i\000o\000n}{section.2}% 14
\BOOKMARK [1][-]{section.3}{\376\377\000s\000u\000b\000m\000o\000d\000u\000l\000e\000\040\000o\000f\000\040\000a\000\040\000f\000r\000e\000e\000\040\000m\000o\000d\000u\000l\000e}{}% 15
\BOOKMARK [2][-]{subsection.3.1}{\376\377\000F\000i\000n\000i\000t\000e\000\040\000g\000e\000n\000e\000r\000a\000t\000e\000d\000\040\000m\000o\000d\000u\000l\000e\000s\000/\000P\000I\000D}{section.3}% 16
\BOOKMARK [2][-]{subsection.3.2}{\376\377\000p\000r\000e\000s\000e\000n\000t\000a\000t\000i\000o\000n}{section.3}% 17
\BOOKMARK [2][-]{subsection.3.3}{\376\377\000R\000a\000t\000i\000o\000n\000a\000l\000\040\000c\000a\000n\000o\000n\000i\000c\000a\000l\000\040\000f\000o\000r\000m\000\040\000a\000n\000d\000\040\000J\000o\000r\000d\000a\000n\000\040\000c\000a\000n\000o\000n\000i\000c\000a\000l\000\040\000f\000o\000r\000m}{section.3}% 18
\BOOKMARK [2][-]{subsection.3.4}{\376\377\000N\000o\000e\000t\000h\000e\000r\000i\000a\000n\000\040\000m\000o\000u\000d\000l\000e\000s}{section.3}% 19
\BOOKMARK [2][-]{subsection.3.5}{\376\377\000i\000n\000t\000e\000g\000r\000a\000l\000\040\000e\000l\000e\000m\000e\000n\000t\000s}{section.3}% 20
\BOOKMARK [2][-]{subsection.3.6}{\376\377\000H\000o\000m\000o\000l\000o\000g\000i\000c\000a\000l\000\040\000a\000n\000d\000\040\000e\000x\000a\000c\000t\000\040\000s\000e\000q\000u\000e\000n\000c\000e}{section.3}% 21
\BOOKMARK [2][-]{subsection.3.7}{\376\377\000T\000e\000n\000s\000o\000r\000\040\000p\000r\000o\000d\000u\000c\000t}{section.3}% 22
\BOOKMARK [2][-]{subsection.3.8}{\376\377\000I\000n\000t\000r\000o\000d\000u\000c\000t\000i\000o\000n}{section.3}% 23
\BOOKMARK [2][-]{subsection.3.9}{\376\377\000T\000e\000n\000s\000o\000r\000\040\000P\000r\000o\000d\000u\000c\000t}{section.3}% 24
\BOOKMARK [2][-]{subsection.3.10}{\376\377\000C\000o\000m\000p\000l\000e\000m\000e\000n\000t\000\040\000o\000n\000\040\000T\000e\000n\000s\000o\000r\000\040\000P\000r\000o\000d\000u\000c\000t}{section.3}% 25
\BOOKMARK [1][-]{section.4}{\376\377\000F\000i\000e\000l\000d\000\040\000a\000n\000d\000\040\000G\000a\000l\000o\000i\000s\000\040\000T\000h\000e\000o\000r\000y}{}% 26
\BOOKMARK [2][-]{subsection.4.1}{\376\377\000F\000i\000e\000l\000d\000\040\000e\000x\000t\000e\000n\000s\000i\000o\000n}{section.4}% 27
\BOOKMARK [2][-]{subsection.4.2}{\376\377\000a\000l\000g\000e\000b\000r\000a\000i\000c\000\040\000e\000x\000t\000e\000n\000s\000i\000o\000n}{section.4}% 28
\BOOKMARK [2][-]{subsection.4.3}{\376\377\000a\000l\000g\000e\000b\000r\000a\000i\000c\000\040\000e\000x\000t\000e\000n\000s\000i\000o\000n\000\040\000a\000n\000d\000\040\000s\000i\000m\000p\000l\000e\000\040\000a\000l\000g\000e\000b\000r\000a\000i\000c\000\040\000e\000x\000t\000e\000n\000t\000i\000o\000n}{section.4}% 29
\BOOKMARK [2][-]{subsection.4.4}{\376\377\000C\000o\000m\000p\000l\000e\000t\000e\000\040\000s\000p\000l\000i\000t\000t\000i\000n\000g\000\040\000a\000n\000d\000\040\000a\000l\000g\000e\000b\000r\000a\000i\000c\000\040\000c\000l\000o\000s\000u\000r\000e}{section.4}% 30
\BOOKMARK [2][-]{subsection.4.5}{\376\377\000S\000e\000p\000a\000r\000a\000b\000l\000e\000\040\000e\000x\000t\000e\000n\000s\000i\000o\000n}{section.4}% 31
\BOOKMARK [2][-]{subsection.4.6}{\376\377\000s\000e\000p\000a\000r\000a\000b\000l\000e\000\040\000e\000x\000t\000e\000n\000s\000i\000o\000n}{section.4}% 32
\BOOKMARK [2][-]{subsection.4.7}{\376\377\000S\000p\000l\000i\000t\000t\000i\000n\000g\000\040\000f\000i\000e\000l\000d\000,\000\040\000e\000x\000t\000e\000n\000s\000i\000o\000n\000\040\000o\000f\000\040\000\040\000K\000\040\000-\000h\000o\000m\000o\000m\000o\000r\000p\000h\000i\000s\000m}{section.4}% 33
\BOOKMARK [2][-]{subsection.4.8}{\376\377\000F\000i\000n\000i\000t\000e\000\040\000f\000i\000e\000l\000d}{section.4}% 34
\BOOKMARK [2][-]{subsection.4.9}{\376\377\000N\000o\000r\000m\000a\000l\000\040\000e\000x\000t\000e\000n\000s\000i\000o\000n\000s}{section.4}% 35
\BOOKMARK [2][-]{subsection.4.10}{\376\377\000G\000a\000l\000o\000i\000s\000\040\000e\000x\000t\000e\000n\000s\000i\000o\000n\000s}{section.4}% 36
\BOOKMARK [2][-]{subsection.4.11}{\376\377\000p\000o\000l\000y\000n\000o\000m\000i\000a\000l\000s\000\040\000a\000n\000d\000\040\000d\000i\000s\000c\000r\000i\000m\000i\000n\000a\000n\000t}{section.4}% 37
\BOOKMARK [2][-]{subsection.4.12}{\376\377\000C\000y\000c\000l\000o\000t\000o\000m\000i\000c\000\040\000f\000i\000e\000l\000d\000s}{section.4}% 38
\BOOKMARK [2][-]{subsection.4.13}{\376\377\000C\000o\000m\000p\000o\000s\000i\000t\000e\000\040\000f\000i\000e\000l\000d}{section.4}% 39
\BOOKMARK [2][-]{subsection.4.14}{\376\377\000t\000r\000a\000c\000e\000s\000\040\000a\000n\000d\000\040\000n\000o\000r\000m\000s}{section.4}% 40
\BOOKMARK [2][-]{subsection.4.15}{\376\377\000A\000d\000v\000a\000n\000c\000e\000d\000\040\000t\000h\000e\000o\000r\000e\000m\000\040\000i\000n\000\040\000G\000a\000l\000o\000i\000s\000\040\000t\000h\000e\000o\000r\000y}{section.4}% 41
\BOOKMARK [2][-]{subsection.4.16}{\376\377\000K\000u\000m\000m\000e\000r\000\040\000t\000h\000e\000o\000r\000y}{section.4}% 42
\BOOKMARK [2][-]{subsection.4.17}{\376\377\000S\000o\000l\000v\000a\000b\000i\000l\000i\000t\000y\000\040\000b\000y\000\040\000r\000a\000d\000i\000c\000a\000l\000s}{section.4}% 43
\BOOKMARK [2][-]{subsection.4.18}{\376\377\000A\000l\000g\000e\000b\000r\000a\000i\000c\000\040\000c\000l\000o\000s\000u\000r\000e}{section.4}% 44
