\BOOKMARK [1][-]{section.2}{\376\377\000C\000o\000m\000p\000l\000e\000x\000\040\000F\000u\000n\000c\000t\000i\000o\000n\000s}{}% 1
\BOOKMARK [2][-]{subsection.2.1}{\376\377\000A\000n\000a\000l\000y\000t\000i\000c\000\040\000f\000u\000n\000c\000t\000i\000o\000n\000s\000\040\000a\000n\000d\000\040\000r\000a\000t\000i\000o\000n\000a\000l\000\040\000f\000u\000n\000c\000t\000i\000o\000n\000s}{section.2}% 2
\BOOKMARK [3][-]{subsubsection.2.1.1}{\376\377\000H\000a\000r\000m\000o\000n\000i\000c\000\040\000f\000u\000n\000c\000t\000i\000o\000n}{subsection.2.1}% 3
\BOOKMARK [3][-]{subsubsection.2.1.2}{\376\377\000P\000o\000l\000y\000n\000o\000m\000i\000a\000l\000s\000\040\000a\000n\000d\000\040\000r\000a\000t\000i\000o\000n\000a\000l\000\040\000f\000u\000n\000c\000t\000i\000o\000n}{subsection.2.1}% 4
\BOOKMARK [2][-]{subsection.2.2}{\376\377\000P\000o\000w\000e\000r\000\040\000S\000e\000r\000i\000e\000s}{section.2}% 5
\BOOKMARK [3][-]{subsubsection.2.2.1}{\376\377\000P\000o\000w\000e\000r\000\040\000s\000e\000r\000i\000e\000s}{subsection.2.2}% 6
\BOOKMARK [2][-]{subsection.2.3}{\376\377\000E\000x\000p\000o\000n\000e\000n\000t\000i\000a\000l\000,\000\040\000T\000r\000i\000g\000o\000n\000o\000m\000e\000t\000r\000i\000c\000\040\000a\000n\000d\000\040\000l\000o\000g\000o\000r\000i\000t\000h\000m\000i\000c\000\040\000f\000u\000n\000c\000t\000i\000o\000n\000s}{section.2}% 7
\BOOKMARK [3][-]{subsubsection.2.3.1}{\376\377\000E\000x\000p\000o\000n\000e\000n\000t\000i\000a\000l\000\040\000a\000n\000d\000\040\000T\000r\000i\000g\000o\000n\000o\000m\000e\000t\000r\000i\000c\000\040\000f\000u\000n\000c\000t\000i\000o\000n}{subsection.2.3}% 8
\BOOKMARK [3][-]{subsubsection.2.3.2}{\376\377\000L\000o\000g\000o\000r\000i\000t\000h\000m\000i\000c\000\040\000F\000u\000n\000c\000t\000i\000o\000n\000s}{subsection.2.3}% 9
\BOOKMARK [1][-]{section.3}{\376\377\000C\000o\000n\000f\000o\000r\000m\000a\000l\000\040\000M\000a\000p\000p\000i\000n\000g\000s}{}% 10
\BOOKMARK [2][-]{subsection.3.1}{\376\377\000B\000a\000s\000i\000c\000\040\000t\000o\000p\000o\000l\000o\000g\000y}{section.3}% 11
\BOOKMARK [3][-]{subsubsection.3.1.1}{\376\377\000C\000o\000n\000n\000e\000c\000t\000e\000d\000n\000e\000s\000s}{subsection.3.1}% 12
\BOOKMARK [3][-]{subsubsection.3.1.2}{\376\377\000C\000o\000m\000p\000a\000c\000t\000n\000e\000s\000s}{subsection.3.1}% 13
\BOOKMARK [3][-]{subsubsection.3.1.3}{\376\377\000C\000o\000n\000t\000i\000n\000u\000o\000u\000s\000\040\000F\000u\000n\000c\000t\000i\000o\000n\000s}{subsection.3.1}% 14
\BOOKMARK [2][-]{subsection.3.2}{\376\377\000C\000o\000n\000f\000o\000r\000m\000a\000l\000i\000t\000y\000,\000\040\000g\000e\000o\000m\000e\000t\000r\000i\000c\000\040\000c\000o\000n\000s\000e\000q\000u\000e\000n\000c\000e\000s\000\040\000o\000f\000\040\000t\000h\000e\000\040\000e\000x\000i\000s\000t\000e\000n\000c\000e\000\040\000o\000f\000\040\000a\000\040\000d\000e\000r\000i\000v\000a\000t\000i\000v\000e}{section.3}% 15
\BOOKMARK [3][-]{subsubsection.3.2.1}{\376\377\000A\000r\000c\000s\000\040\000a\000n\000d\000\040\000c\000l\000o\000s\000e\000d\000\040\000c\000u\000r\000v\000e\000s}{subsection.3.2}% 16
\BOOKMARK [3][-]{subsubsection.3.2.2}{\376\377\000A\000n\000a\000l\000y\000t\000i\000c\000\040\000F\000u\000n\000c\000t\000i\000o\000n\000s\000\040\000i\000n\000\040\000R\000e\000g\000i\000o\000n\000s}{subsection.3.2}% 17
\BOOKMARK [3][-]{subsubsection.3.2.3}{\376\377\000C\000o\000n\000f\000o\000r\000m\000a\000l\000\040\000M\000a\000p\000p\000i\000n\000g\000s}{subsection.3.2}% 18
\BOOKMARK [3][-]{subsubsection.3.2.4}{\376\377\000L\000e\000n\000g\000t\000h\000\040\000a\000n\000d\000\040\000A\000r\000e\000a}{subsection.3.2}% 19
\BOOKMARK [2][-]{subsection.3.3}{\376\377\000M\000\366\000b\000i\000u\000s\000\040\000T\000r\000a\000n\000s\000f\000o\000r\000m\000a\000t\000i\000o\000n}{section.3}% 20
\BOOKMARK [3][-]{subsubsection.3.3.1}{\376\377\000C\000r\000o\000s\000s\000\040\000r\000a\000t\000i\000o}{subsection.3.3}% 21
\BOOKMARK [3][-]{subsubsection.3.3.2}{\376\377\000S\000y\000m\000m\000e\000t\000r\000y}{subsection.3.3}% 22
\BOOKMARK [3][-]{subsubsection.3.3.3}{\376\377\000S\000t\000e\000i\000n\000e\000r\000\040\000C\000i\000r\000c\000l\000e\000s\000,\000\040\000c\000i\000r\000c\000u\000l\000a\000r\000\040\000n\000e\000t}{subsection.3.3}% 23
\BOOKMARK [1][-]{section.4}{\376\377\000E\000l\000e\000m\000e\000n\000t\000a\000r\000y\000\040\000C\000o\000n\000f\000o\000r\000m\000a\000l\000\040\000m\000a\000p\000p\000i\000n\000g}{}% 24
\BOOKMARK [2][-]{subsection.4.1}{\376\377\000E\000l\000e\000m\000e\000n\000t\000a\000r\000y\000\040\000R\000i\000e\000m\000a\000n\000n\000\040\000s\000u\000r\000f\000a\000c\000e\000s}{section.4}% 25
\BOOKMARK [1][-]{section.5}{\376\377\000C\000o\000m\000p\000l\000e\000x\000\040\000I\000n\000t\000e\000g\000r\000a\000t\000i\000o\000n}{}% 26
\BOOKMARK [2][-]{subsection.5.1}{\376\377\000F\000u\000n\000d\000a\000m\000e\000n\000t\000a\000l\000\040\000T\000h\000e\000o\000r\000e\000m\000s}{section.5}% 27
\BOOKMARK [3][-]{subsubsection.5.1.1}{\376\377\000L\000i\000n\000e\000\040\000i\000n\000t\000e\000g\000r\000a\000l\000\040\000a\000n\000d\000\040\000r\000e\000c\000t\000i\000f\000i\000a\000b\000l\000e\000\040\000a\000r\000c\000s}{subsection.5.1}% 28
\BOOKMARK [3][-]{subsubsection.5.1.2}{\376\377\000T\000h\000e\000\040\000f\000u\000n\000d\000a\000m\000e\000n\000t\000a\000l\000\040\000t\000h\000e\000o\000r\000e\000m\000\040\000o\000f\000\040\000C\000a\000l\000c\000u\000l\000u\000s\000\040\000f\000o\000r\000\040\000i\000n\000t\000e\000g\000r\000a\000l\000s\000\040\000i\000n\000\040\000\040\000C\000\040}{subsection.5.1}% 29
\BOOKMARK [3][-]{subsubsection.5.1.3}{\376\377\000C\000a\000u\000c\000h\000y\000'\000s\000\040\000t\000h\000e\000o\000r\000e\000m\000\040\000f\000o\000r\000\040\000a\000\040\000r\000e\000c\000t\000a\000n\000g\000l\000e}{subsection.5.1}% 30
\BOOKMARK [3][-]{subsubsection.5.1.4}{\376\377\000C\000a\000u\000c\000h\000y\000'\000s\000\040\000T\000h\000e\000o\000r\000e\000m\000\040\000f\000o\000r\000\040\000a\000\040\000d\000i\000s\000k}{subsection.5.1}% 31
\BOOKMARK [2][-]{subsection.5.2}{\376\377\000C\000a\000u\000c\000h\000y\000'\000s\000\040\000i\000n\000t\000e\000g\000r\000a\000l\000\040\000f\000o\000r\000m\000u\000l\000a}{section.5}% 32
\BOOKMARK [3][-]{subsubsection.5.2.1}{\376\377\000I\000n\000d\000e\000x\000\040\000o\000f\000\040\000a\000\040\000p\000o\000i\000n\000t\000\040\000w\000i\000t\000h\000\040\000r\000e\000s\000e\000c\000t\000\040\000t\000o\000\040\000a\000\040\000c\000l\000o\000s\000e\000d\000\040\000c\000u\000r\000v\000e}{subsection.5.2}% 33
\BOOKMARK [3][-]{subsubsection.5.2.2}{\376\377\000C\000a\000u\000c\000h\000y\000'\000s\000\040\000i\000n\000t\000e\000g\000r\000a\000l\000\040\000f\000o\000r\000m\000u\000l\000a}{subsection.5.2}% 34
\BOOKMARK [3][-]{subsubsection.5.2.3}{\376\377\000H\000i\000g\000h\000e\000r\000\040\000d\000e\000r\000i\000v\000a\000t\000i\000v\000e\000s}{subsection.5.2}% 35
\BOOKMARK [3][-]{subsubsection.5.2.4}{\376\377\000C\000o\000n\000s\000e\000q\000u\000e\000n\000c\000e\000s\000\040\000o\000f\000\040\000C\000a\000u\000c\000h\000y}{subsection.5.2}% 36
\BOOKMARK [2][-]{subsection.5.3}{\376\377\000L\000o\000c\000a\000l\000\040\000p\000r\000o\000p\000e\000r\000t\000i\000e\000s\000\040\000o\000f\000\040\000a\000n\000a\000l\000y\000t\000i\000c\000\040\000f\000u\000n\000c\000t\000i\000o\000n\000s}{section.5}% 37
\BOOKMARK [3][-]{subsubsection.5.3.1}{\376\377\000R\000e\000m\000o\000v\000a\000b\000l\000e\000\040\000S\000i\000n\000g\000u\000l\000a\000r\000i\000t\000i\000e\000s\000\040\000a\000n\000d\000\040\000T\000a\000y\000l\000o\000r\000'\000s\000\040\000T\000h\000e\000o\000r\000e\000m}{subsection.5.3}% 38
\BOOKMARK [3][-]{subsubsection.5.3.2}{\376\377\000Z\000e\000r\000o\000s\000\040\000a\000n\000d\000\040\000p\000o\000l\000e\000s}{subsection.5.3}% 39
\BOOKMARK [3][-]{subsubsection.5.3.3}{\376\377\000T\000h\000e\000\040\000L\000o\000c\000a\000l\000\040\000M\000a\000p\000p\000i\000n\000g\000s}{subsection.5.3}% 40
\BOOKMARK [3][-]{subsubsection.5.3.4}{\376\377\000T\000h\000e\000\040\000M\000a\000x\000i\000m\000u\000m\000\040\000P\000r\000i\000n\000c\000i\000p\000l\000e}{subsection.5.3}% 41
\BOOKMARK [2][-]{subsection.5.4}{\376\377\000T\000h\000e\000\040\000G\000e\000n\000e\000r\000a\000l\000\040\000F\000o\000r\000m\000\040\000o\000f\000\040\000C\000a\000u\000c\000h\000y\000'\000s\000\040\000T\000h\000e\000o\000r\000e\000m}{section.5}% 42
\BOOKMARK [3][-]{subsubsection.5.4.1}{\376\377\000C\000h\000a\000i\000n\000s\000\040\000a\000n\000d\000\040\000C\000y\000c\000l\000e\000s}{subsection.5.4}% 43
\BOOKMARK [3][-]{subsubsection.5.4.2}{\376\377\000S\000i\000m\000p\000l\000e\000\040\000c\000o\000n\000n\000e\000c\000t\000i\000v\000i\000t\000y\000\040\000a\000n\000d\000\040\000h\000o\000m\000o\000l\000o\000g\000y}{subsection.5.4}% 44
\BOOKMARK [3][-]{subsubsection.5.4.3}{\376\377\000T\000h\000e\000\040\000g\000e\000n\000e\000r\000a\000l\000\040\000f\000o\000r\000m\000\040\000o\000f\000\040\000C\000a\000u\000c\000h\000y\000'\000s\000\040\000t\000h\000e\000o\000r\000e\000m}{subsection.5.4}% 45
\BOOKMARK [2][-]{subsection.5.5}{\376\377\000T\000h\000e\000\040\000C\000a\000l\000c\000u\000l\000u\000s\000\040\000o\000f\000\040\000R\000e\000s\000i\000d\000u\000e\000s}{section.5}% 46
\BOOKMARK [3][-]{subsubsection.5.5.1}{\376\377\000T\000h\000e\000\040\000R\000e\000s\000i\000d\000u\000e\000\040\000T\000h\000e\000o\000r\000e\000m}{subsection.5.5}% 47
\BOOKMARK [3][-]{subsubsection.5.5.2}{\376\377\000T\000h\000e\000\040\000A\000r\000g\000u\000m\000e\000n\000t\000\040\000P\000r\000i\000n\000c\000i\000p\000l\000e}{subsection.5.5}% 48
\BOOKMARK [3][-]{subsubsection.5.5.3}{\376\377\000E\000v\000a\000l\000u\000a\000t\000i\000o\000n\000\040\000o\000f\000\040\000D\000e\000f\000i\000n\000i\000t\000e\000\040\000i\000n\000t\000e\000g\000r\000a\000l\000s}{subsection.5.5}% 49
\BOOKMARK [2][-]{subsection.5.6}{\376\377\000H\000a\000r\000m\000o\000n\000i\000c\000\040\000F\000u\000n\000c\000t\000i\000o\000n\000s}{section.5}% 50
\BOOKMARK [3][-]{subsubsection.5.6.1}{\376\377\000D\000e\000f\000i\000n\000i\000t\000i\000o\000n\000\040\000a\000n\000d\000\040\000b\000a\000s\000i\000s\000\040\000p\000r\000o\000p\000e\000r\000t\000i\000e\000s}{subsection.5.6}% 51
\BOOKMARK [3][-]{subsubsection.5.6.2}{\376\377\000T\000h\000e\000\040\000M\000e\000a\000n\000-\000v\000a\000l\000u\000e\000\040\000P\000r\000o\000p\000e\000r\000t\000y}{subsection.5.6}% 52
\BOOKMARK [1][-]{theorem.5.71}{\376\377\000I\000n\000d\000e\000x}{}% 53
