\BOOKMARK [1][-]{section.1}{\376\377\000H\000a\000r\000m\000o\000n\000i\000c\000\040\000f\000u\000n\000c\000t\000i\000o\000n}{}% 1
\BOOKMARK [2][-]{subsection.1.1}{\376\377\000P\000o\000l\000y\000n\000o\000m\000i\000a\000l\000\040\000r\000a\000t\000i\000o\000n\000a\000l\000\040\000f\000u\000n\000c\000t\000i\000o\000n}{section.1}% 2
\BOOKMARK [1][-]{section.2}{\376\377\000P\000o\000w\000e\000r\000\040\000S\000e\000r\000i\000e\000s}{}% 3
\BOOKMARK [1][-]{section.3}{\376\377\000E\000x\000p\000o\000n\000e\000n\000t\000i\000a\000l\000,\000\040\000T\000r\000i\000g\000o\000n\000o\000m\000e\000t\000r\000i\000c\000\040\000a\000n\000d\000\040\000l\000o\000g\000o\000r\000i\000t\000h\000m\000i\000c\000\040\000f\000u\000n\000c\000t\000i\000o\000n\000s}{}% 4
\BOOKMARK [2][-]{subsection.3.1}{\376\377\000E\000x\000p\000o\000n\000e\000n\000t\000i\000a\000l\000\040\000a\000n\000d\000\040\000T\000r\000i\000g\000o\000n\000o\000m\000e\000t\000r\000i\000c\000\040\000f\000u\000n\000c\000t\000i\000o\000n}{section.3}% 5
\BOOKMARK [2][-]{subsection.3.2}{\376\377\000L\000o\000g\000o\000r\000i\000t\000h\000m\000i\000c\000\040\000F\000u\000n\000c\000t\000i\000o\000n\000s}{section.3}% 6
\BOOKMARK [1][-]{section.4}{\376\377\000C\000o\000n\000f\000o\000r\000m\000a\000l\000\040\000M\000a\000p\000p\000i\000n\000g\000s}{}% 7
\BOOKMARK [2][-]{subsection.4.1}{\376\377\000C\000o\000n\000n\000e\000c\000t\000e\000d\000n\000e\000s\000s}{section.4}% 8
\BOOKMARK [2][-]{subsection.4.2}{\376\377\000C\000o\000m\000p\000a\000c\000t\000n\000e\000s\000s}{section.4}% 9
\BOOKMARK [2][-]{subsection.4.3}{\376\377\000C\000o\000n\000t\000i\000n\000u\000o\000u\000s\000\040\000F\000u\000n\000c\000t\000i\000o\000n\000s}{section.4}% 10
\BOOKMARK [2][-]{subsection.4.4}{\376\377\000s\000h\000o\000r\000t}{section.4}% 11
\BOOKMARK [2][-]{subsection.4.5}{\376\377\000A\000n\000a\000l\000y\000t\000i\000c\000\040\000F\000u\000n\000c\000t\000i\000o\000n\000s\000\040\000i\000n\000\040\000R\000e\000g\000i\000o\000n\000s}{section.4}% 12
\BOOKMARK [2][-]{subsection.4.6}{\376\377\000C\000o\000n\000f\000o\000r\000m\000a\000l\000\040\000M\000a\000p\000p\000i\000n\000g\000s}{section.4}% 13
\BOOKMARK [2][-]{subsection.4.7}{\376\377\000L\000e\000n\000g\000t\000h\000\040\000a\000n\000d\000\040\000A\000r\000e\000a}{section.4}% 14
\BOOKMARK [1][-]{section.5}{\376\377\000M\000\366\000b\000i\000u\000s\000\040\000T\000r\000a\000n\000s\000f\000o\000r\000m\000a\000t\000i\000o\000n}{}% 15
\BOOKMARK [2][-]{subsection.5.1}{\376\377\000C\000r\000o\000s\000s\000\040\000r\000a\000t\000i\000o}{section.5}% 16
\BOOKMARK [2][-]{subsection.5.2}{\376\377\000S\000y\000m\000m\000e\000t\000r\000y}{section.5}% 17
\BOOKMARK [2][-]{subsection.5.3}{\376\377\000S\000t\000e\000i\000n\000e\000r\000\040\000C\000i\000r\000c\000l\000e\000s}{section.5}% 18
\BOOKMARK [1][-]{section.6}{\376\377\000E\000l\000e\000m\000e\000n\000t\000a\000r\000y\000\040\000C\000o\000n\000f\000o\000r\000m\000a\000l\000\040\000m\000a\000p\000p\000i\000n\000g}{}% 19
\BOOKMARK [2][-]{subsection.6.1}{\376\377\000E\000l\000e\000m\000e\000n\000t\000a\000r\000y\000\040\000R\000i\000e\000m\000a\000n\000n\000\040\000s\000u\000r\000f\000a\000c\000e\000s}{section.6}% 20
\BOOKMARK [1][-]{section.7}{\376\377\000C\000o\000m\000p\000l\000e\000x\000\040\000I\000n\000t\000e\000g\000r\000a\000t\000i\000o\000n}{}% 21
\BOOKMARK [2][-]{subsection.7.1}{\376\377\000F\000u\000n\000d\000a\000m\000e\000n\000t\000a\000l\000\040\000T\000h\000e\000o\000r\000e\000m\000s}{section.7}% 22
\BOOKMARK [1][-]{section*.3}{\376\377\000I\000n\000d\000e\000x}{}% 23
