\BOOKMARK [1][-]{section.1}{\376\377\000I\000n\000t\000r\000o\000d\000u\000c\000t\000i\000o\000n}{}% 1
\BOOKMARK [2][-]{subsection.1.1}{\376\377\000M\000o\000d\000e\000l\000s\000\040\000o\000f\000\040\000C\000o\000m\000p\000u\000t\000a\000t\000i\000o\000n\000:\000\040\000T\000u\000r\000i\000n\000g\000\040\000M\000a\000c\000h\000i\000n\000e\000s}{section.1}% 2
\BOOKMARK [2][-]{subsection.1.2}{\376\377\000M\000o\000d\000e\000l\000s\000\040\000o\000f\000\040\000C\000o\000m\000p\000u\000t\000a\000t\000i\000o\000n\000:\000\040\000w\000o\000r\000d\000\040\000R\000A\000M}{section.1}% 3
\BOOKMARK [2][-]{subsection.1.3}{\376\377\000P\000o\000l\000y\000n\000o\000m\000i\000a\000l\000\040\000R\000u\000n\000n\000i\000n\000g\000\040\000T\000i\000m\000e}{section.1}% 4
\BOOKMARK [2][-]{subsection.1.4}{\376\377\000N\000o\000t\000a\000t\000i\000o\000n}{section.1}% 5
\BOOKMARK [2][-]{subsection.1.5}{\376\377\000T\000e\000n\000t\000a\000t\000i\000v\000e\000\040\000S\000y\000l\000l\000a\000b\000u\000s}{section.1}% 6
\BOOKMARK [1][-]{section.2}{\376\377\000G\000r\000e\000e\000d\000y\000\040\000A\000l\000g\000o\000r\000i\000t\000h\000m\000s}{}% 7
\BOOKMARK [2][-]{subsection.2.1}{\376\377\000I\000n\000t\000e\000r\000v\000a\000l\000\040\000S\000c\000h\000e\000d\000u\000l\000i\000n\000g}{section.2}% 8
\BOOKMARK [2][-]{subsection.2.2}{\376\377\000I\000n\000t\000e\000r\000v\000a\000l\000\040\000P\000a\000r\000t\000i\000t\000i\000o\000n\000i\000n\000g}{section.2}% 9
\BOOKMARK [2][-]{subsection.2.3}{\376\377\000S\000i\000n\000g\000l\000e\000-\000S\000o\000u\000r\000c\000e\000\040\000S\000h\000o\000r\000t\000e\000s\000t\000\040\000P\000a\000t\000h}{section.2}% 10
\BOOKMARK [2][-]{subsection.2.4}{\376\377\000M\000i\000n\000i\000m\000u\000m\000\040\000S\000p\000a\000n\000n\000i\000n\000g\000\040\000T\000r\000e\000e}{section.2}% 11
\BOOKMARK [2][-]{subsection.2.5}{\376\377\000M\000i\000n\000i\000m\000u\000m\000\040\000A\000r\000b\000o\000r\000e\000s\000c\000e\000n\000c\000e}{section.2}% 12
\BOOKMARK [1][-]{section.3}{\376\377\000D\000y\000n\000a\000m\000i\000c\000\040\000P\000r\000o\000g\000r\000a\000m\000m\000i\000n\000g}{}% 13
\BOOKMARK [2][-]{subsection.3.1}{\376\377\000W\000e\000i\000g\000h\000t\000e\000d\000\040\000I\000n\000t\000e\000r\000v\000a\000l\000\040\000S\000c\000h\000e\000d\000u\000l\000i\000n\000g}{section.3}% 14
\BOOKMARK [2][-]{subsection.3.2}{\376\377\000S\000e\000g\000m\000e\000n\000t\000e\000d\000\040\000L\000e\000a\000s\000t\000\040\000S\000q\000u\000a\000r\000e}{section.3}% 15
\BOOKMARK [2][-]{subsection.3.3}{\376\377\000K\000n\000a\000o\000s\000a\000c\000k\000\040\000P\000r\000o\000b\000l\000e\000m}{section.3}% 16
\BOOKMARK [2][-]{subsection.3.4}{\376\377\000R\000N\000A\000\040\000S\000e\000c\000o\000n\000d\000a\000r\000y\000\040\000S\000t\000r\000u\000c\000t\000u\000r\000e}{section.3}% 17
\BOOKMARK [2][-]{subsection.3.5}{\376\377\000S\000e\000q\000u\000e\000n\000c\000e\000\040\000A\000l\000i\000g\000n\000m\000e\000n\000t\000\050\000E\000d\000i\000t\000\040\000D\000i\000s\000t\000a\000n\000c\000e\000\051}{section.3}% 18
\BOOKMARK [2][-]{subsection.3.6}{\376\377\000M\000a\000t\000r\000i\000x\000\040\000M\000u\000l\000t\000i\000p\000l\000i\000c\000a\000t\000i\000o\000n}{section.3}% 19
\BOOKMARK [1][-]{section*.10}{\376\377\000I\000n\000d\000e\000x}{}% 20
